<?xml version="1.0" encoding="UTF-8"?>
<!-- Generated by org.testng.reporters.JUnitReportReporter -->
<testsuite hostname="GS-4885" failures="0" tests="1" name="Basics1" time="2.648" errors="0" timestamp="2019-11-06T17:43:58 IST" skipped="0">
  <testcase classname="Basics1" name="getRequest" time="2.648"/>
</testsuite> <!-- Basics1 -->
