<?xml version="1.0" encoding="UTF-8"?>
<!-- Generated by org.testng.reporters.JUnitReportReporter -->
<testsuite hostname="GS-4885" failures="0" tests="1" name="Basics4" time="4.484" errors="0" timestamp="2019-11-10T15:49:13 IST" skipped="0">
  <testcase classname="Basics4" name="endToEnd" time="4.484"/>
</testsuite> <!-- Basics4 -->
