<?xml version="1.0" encoding="UTF-8"?>
<!-- Generated by org.testng.reporters.JUnitReportReporter -->
<testsuite hostname="GS-4885" failures="0" tests="1" name="Basics2" time="2.807" errors="0" timestamp="2019-11-08T13:58:53 IST" skipped="0">
  <testcase classname="Basics2" name="getRequest" time="2.807"/>
</testsuite> <!-- Basics2 -->
