<?xml version="1.0" encoding="UTF-8"?>
<!-- Generated by org.testng.reporters.JUnitReportReporter -->
<testsuite hostname="GS-4885" failures="0" tests="1" name="SimpleTest" time="9.471" errors="0" timestamp="2019-09-05T14:28:13 IST" skipped="0">
  <testcase classname="SimpleTest" name="GetWeatherDetails" time="9.471"/>
</testsuite> <!-- SimpleTest -->
