<?xml version="1.0" encoding="UTF-8"?>
<!-- Generated by org.testng.reporters.JUnitReportReporter -->
<testsuite skipped="0" hostname="GS-4885" name="March21" tests="1" failures="0" timestamp="2020-03-21T19:37:32 IST" time="0.017" errors="0">
  <testcase name="arrayloop" time="0.017" classname="March21"/>
</testsuite> <!-- March21 -->
